#
# There is insufficient memory for the Java Runtime Environment to continue.
# Native memory allocation (mmap) failed to map 142606336 bytes for committing reserved memory.
# Possible reasons:
#   The system is out of physical RAM or swap space
#   In 32 bit mode, the process size limit was hit
# Possible solutions:
#   Reduce memory load on the system
#   Increase physical memory or swap space
#   Check if swap backing store is full
#   Use 64 bit Java on a 64 bit OS
#   Decrease Java heap size (-Xmx/-Xms)
#   Decrease number of Java threads
#   Decrease Java thread stack sizes (-Xss)
#   Set larger code cache with -XX:ReservedCodeCacheSize=
# This output file may be truncated or incomplete.
#
#  Out of Memory Error (os_linux.cpp:2640), pid=4343, tid=0x00007fdf104f4700
#
# JRE version: Java(TM) SE Runtime Environment (8.0_161-b12) (build 1.8.0_161-b12)
# Java VM: Java HotSpot(TM) 64-Bit Server VM (25.161-b12 mixed mode linux-amd64 compressed oops)
# Failed to write core dump. Core dumps have been disabled. To enable core dumping, try "ulimit -c unlimited" before starting Java again
#

---------------  T H R E A D  ---------------

Current thread (0x00007fdf2007e000):  VMThread [stack: 0x00007fdf103f4000,0x00007fdf104f5000] [id=4354]

Stack: [0x00007fdf103f4000,0x00007fdf104f5000],  sp=0x00007fdf104f3180,  free space=1020k
Native frames: (J=compiled Java code, j=interpreted, Vv=VM code, C=native code)
V  [libjvm.so+0xacf94a]  VMError::report_and_die()+0x2ba
V  [libjvm.so+0x50050b]  report_vm_out_of_memory(char const*, int, unsigned long, VMErrorType, char const*)+0x8b
V  [libjvm.so+0x92b133]  os::Linux::commit_memory_impl(char*, unsigned long, bool)+0x103
V  [libjvm.so+0x92b5c9]  os::pd_commit_memory(char*, unsigned long, unsigned long, bool)+0x29
V  [libjvm.so+0x924c0a]  os::commit_memory(char*, unsigned long, unsigned long, bool)+0x2a
V  [libjvm.so+0x99ab53]  PSVirtualSpace::expand_by(unsigned long)+0x53
V  [libjvm.so+0x99bf58]  PSYoungGen::resize_generation(unsigned long, unsigned long)+0xf8
V  [libjvm.so+0x99b0b2]  PSYoungGen::resize(unsigned long, unsigned long)+0x22
V  [libjvm.so+0x99838b]  PSScavenge::invoke_no_policy()+0xf3b
V  [libjvm.so+0x993635]  PSParallelCompact::invoke(bool)+0x85
V  [libjvm.so+0x487004]  CollectedHeap::collect_as_vm_thread(GCCause::Cause)+0x114
V  [libjvm.so+0xad0dd1]  VM_CollectForMetadataAllocation::doit()+0x161
V  [libjvm.so+0xad8ed5]  VM_Operation::evaluate()+0x55
V  [libjvm.so+0xad729a]  VMThread::evaluate_operation(VM_Operation*)+0xba
V  [libjvm.so+0xad761e]  VMThread::loop()+0x1ce
V  [libjvm.so+0xad7a90]  VMThread::run()+0x70
V  [libjvm.so+0x92da28]  java_start(Thread*)+0x108

VM_Operation (0x00007fdef3728120): CollectForMetadataAllocation, mode: safepoint, requested by thread 0x00007fdecc002000


---------------  P R O C E S S  ---------------

Java Threads: ( => current thread )
  0x00007fdecc002000 JavaThread "restartedMain" [_thread_blocked, id=4376, stack(0x00007fdef3631000,0x00007fdef3732000)]
  0x00007fdf209e4800 JavaThread "Thread-0" [_thread_blocked, id=4375, stack(0x00007fdef3732000,0x00007fdef3833000)]
  0x00007fdf200c8800 JavaThread "Service Thread" daemon [_thread_blocked, id=4365, stack(0x00007fdef3b24000,0x00007fdef3c25000)]
  0x00007fdf200c5000 JavaThread "C1 CompilerThread2" daemon [_thread_blocked, id=4363, stack(0x00007fdef3c25000,0x00007fdef3d26000)]
  0x00007fdf200c3000 JavaThread "C2 CompilerThread1" daemon [_thread_in_native, id=4361, stack(0x00007fdf0808e000,0x00007fdf0818f000)]
  0x00007fdf200c0000 JavaThread "C2 CompilerThread0" daemon [_thread_in_native, id=4360, stack(0x00007fdf0818f000,0x00007fdf08290000)]
  0x00007fdf200be800 JavaThread "Signal Dispatcher" daemon [_thread_blocked, id=4358, stack(0x00007fdf100f1000,0x00007fdf101f2000)]
  0x00007fdf2008a800 JavaThread "Finalizer" daemon [_thread_blocked, id=4356, stack(0x00007fdf101f2000,0x00007fdf102f3000)]
  0x00007fdf20086000 JavaThread "Reference Handler" daemon [_thread_blocked, id=4355, stack(0x00007fdf102f3000,0x00007fdf103f4000)]
  0x00007fdf20010000 JavaThread "main" [_thread_blocked, id=4349, stack(0x00007fdf29047000,0x00007fdf29148000)]

Other Threads:
=>0x00007fdf2007e000 VMThread [stack: 0x00007fdf103f4000,0x00007fdf104f5000] [id=4354]
  0x00007fdf200cd000 WatcherThread [stack: 0x00007fdef3a23000,0x00007fdef3b24000] [id=4367]

VM state:at safepoint (normal execution)

VM Mutex/Monitor currently owned by a thread:  ([mutex/lock_event])
[0x00007fdf2000c800] Threads_lock - owner thread: 0x00007fdf2007e000
[0x00007fdf2000cd00] Heap_lock - owner thread: 0x00007fdecc002000

Heap:
 PSYoungGen      total 132096K, used 5119K [0x00000000d7100000, 0x00000000df700000, 0x0000000100000000)
  eden space 126976K, 0% used [0x00000000d7100000,0x00000000d7100000,0x00000000ded00000)
  from space 5120K, 99% used [0x00000000ded00000,0x00000000df1ffe58,0x00000000df200000)
  to   space 5120K, 0% used [0x00000000df200000,0x00000000df200000,0x00000000df700000)
 ParOldGen       total 84992K, used 9626K [0x0000000085200000, 0x000000008a500000, 0x00000000d7100000)
  object space 84992K, 11% used [0x0000000085200000,0x0000000085b66ba8,0x000000008a500000)
 Metaspace       used 20846K, capacity 21110K, committed 21296K, reserved 1069056K
  class space    used 2532K, capacity 2612K, committed 2688K, reserved 1048576K

Card table byte_map: [0x00007fdf25a04000,0x00007fdf25ddc000] byte_map_base: 0x00007fdf255db000

Marking Bits: (ParMarkBitMap*) 0x00007fdf28513920
 Begin Bits: [0x00007fdf08290000, 0x00007fdf0a148000)
 End Bits:   [0x00007fdf0a148000, 0x00007fdf0c000000)

Polling page: 0x00007fdf29166000

CodeCache: size=245760Kb used=7378Kb max_used=7378Kb free=238381Kb
 bounds [0x00007fdf11000000, 0x00007fdf11740000, 0x00007fdf20000000]
 total_blobs=2378 nmethods=2013 adapters=278
 compilation: enabled

Compilation events (10 events):
Event: 4.029 Thread 0x00007fdf200c5000 2023       1       org.springframework.core.type.classreading.MethodMetadataReadingVisitor::getMethodName (5 bytes)
Event: 4.029 Thread 0x00007fdf200c5000 nmethod 2023 0x00007fdf11734510 code [0x00007fdf11734660, 0x00007fdf11734770]
Event: 4.029 Thread 0x00007fdf200c5000 2022       3       org.springframework.core.ResolvableType::<init> (39 bytes)
Event: 4.029 Thread 0x00007fdf200c5000 nmethod 2022 0x00007fdf117347d0 code [0x00007fdf11734940, 0x00007fdf11734ba8]
Event: 4.029 Thread 0x00007fdf200c5000 2019       3       org.springframework.boot.autoconfigure.condition.ConditionMessage$Style$2::applyToItem (6 bytes)
Event: 4.030 Thread 0x00007fdf200c5000 nmethod 2019 0x00007fdf11734c90 code [0x00007fdf11734ea0, 0x00007fdf11735a68]
Event: 4.030 Thread 0x00007fdf200c5000 2020       3       org.springframework.boot.autoconfigure.condition.ConditionMessage$Style$2::applyToItem (33 bytes)
Event: 4.031 Thread 0x00007fdf200c5000 nmethod 2020 0x00007fdf11735f90 code [0x00007fdf117361a0, 0x00007fdf11736c88]
Event: 4.034 Thread 0x00007fdf200c5000 2024       3       org.springframework.beans.factory.support.AbstractBeanFactory::isFactoryBean (75 bytes)
Event: 4.035 Thread 0x00007fdf200c5000 nmethod 2024 0x00007fdf117370d0 code [0x00007fdf11737380, 0x00007fdf11738cc8]

GC Heap History (9 events):
Event: 1.104 GC heap before
{Heap before GC invocations=1 (full 0):
 PSYoungGen      total 36864K, used 31722K [0x00000000d7100000, 0x00000000d9a00000, 0x0000000100000000)
  eden space 31744K, 99% used [0x00000000d7100000,0x00000000d8ffab40,0x00000000d9000000)
  from space 5120K, 0% used [0x00000000d9500000,0x00000000d9500000,0x00000000d9a00000)
  to   space 5120K, 0% used [0x00000000d9000000,0x00000000d9000000,0x00000000d9500000)
 ParOldGen       total 84992K, used 0K [0x0000000085200000, 0x000000008a500000, 0x00000000d7100000)
  object space 84992K, 0% used [0x0000000085200000,0x0000000085200000,0x000000008a500000)
 Metaspace       used 6370K, capacity 6494K, committed 6656K, reserved 1056768K
  class space    used 742K, capacity 759K, committed 768K, reserved 1048576K
Event: 1.128 GC heap after
Heap after GC invocations=1 (full 0):
 PSYoungGen      total 36864K, used 3944K [0x00000000d7100000, 0x00000000db900000, 0x0000000100000000)
  eden space 31744K, 0% used [0x00000000d7100000,0x00000000d7100000,0x00000000d9000000)
  from space 5120K, 77% used [0x00000000d9000000,0x00000000d93da330,0x00000000d9500000)
  to   space 5120K, 0% used [0x00000000db400000,0x00000000db400000,0x00000000db900000)
 ParOldGen       total 84992K, used 8K [0x0000000085200000, 0x000000008a500000, 0x00000000d7100000)
  object space 84992K, 0% used [0x0000000085200000,0x0000000085202000,0x000000008a500000)
 Metaspace       used 6370K, capacity 6494K, committed 6656K, reserved 1056768K
  class space    used 742K, capacity 759K, committed 768K, reserved 1048576K
}
Event: 1.392 GC heap before
{Heap before GC invocations=2 (full 0):
 PSYoungGen      total 36864K, used 35688K [0x00000000d7100000, 0x00000000db900000, 0x0000000100000000)
  eden space 31744K, 100% used [0x00000000d7100000,0x00000000d9000000,0x00000000d9000000)
  from space 5120K, 77% used [0x00000000d9000000,0x00000000d93da330,0x00000000d9500000)
  to   space 5120K, 0% used [0x00000000db400000,0x00000000db400000,0x00000000db900000)
 ParOldGen       total 84992K, used 8K [0x0000000085200000, 0x000000008a500000, 0x00000000d7100000)
  object space 84992K, 0% used [0x0000000085200000,0x0000000085202000,0x000000008a500000)
 Metaspace       used 7503K, capacity 7684K, committed 7936K, reserved 1056768K
  class space    used 890K, capacity 921K, committed 1024K, reserved 1048576K
Event: 1.397 GC heap after
Heap after GC invocations=2 (full 0):
 PSYoungGen      total 68608K, used 3559K [0x00000000d7100000, 0x00000000db900000, 0x0000000100000000)
  eden space 63488K, 0% used [0x00000000d7100000,0x00000000d7100000,0x00000000daf00000)
  from space 5120K, 69% used [0x00000000db400000,0x00000000db779d30,0x00000000db900000)
  to   space 5120K, 0% used [0x00000000daf00000,0x00000000daf00000,0x00000000db400000)
 ParOldGen       total 84992K, used 16K [0x0000000085200000, 0x000000008a500000, 0x00000000d7100000)
  object space 84992K, 0% used [0x0000000085200000,0x0000000085204000,0x000000008a500000)
 Metaspace       used 7503K, capacity 7684K, committed 7936K, reserved 1056768K
  class space    used 890K, capacity 921K, committed 1024K, reserved 1048576K
}
Event: 2.155 GC heap before
{Heap before GC invocations=3 (full 0):
 PSYoungGen      total 68608K, used 67047K [0x00000000d7100000, 0x00000000db900000, 0x0000000100000000)
  eden space 63488K, 100% used [0x00000000d7100000,0x00000000daf00000,0x00000000daf00000)
  from space 5120K, 69% used [0x00000000db400000,0x00000000db779d30,0x00000000db900000)
  to   space 5120K, 0% used [0x00000000daf00000,0x00000000daf00000,0x00000000db400000)
 ParOldGen       total 84992K, used 16K [0x0000000085200000, 0x000000008a500000, 0x00000000d7100000)
  object space 84992K, 0% used [0x0000000085200000,0x0000000085204000,0x000000008a500000)
 Metaspace       used 15309K, capacity 15488K, committed 15744K, reserved 1062912K
  class space    used 1860K, capacity 1891K, committed 1920K, reserved 1048576K
Event: 2.166 GC heap after
Heap after GC invocations=3 (full 0):
 PSYoungGen      total 68608K, used 5106K [0x00000000d7100000, 0x00000000df700000, 0x0000000100000000)
  eden space 63488K, 0% used [0x00000000d7100000,0x00000000d7100000,0x00000000daf00000)
  from space 5120K, 99% used [0x00000000daf00000,0x00000000db3fca60,0x00000000db400000)
  to   space 5120K, 0% used [0x00000000df200000,0x00000000df200000,0x00000000df700000)
 ParOldGen       total 84992K, used 3775K [0x0000000085200000, 0x000000008a500000, 0x00000000d7100000)
  object space 84992K, 4% used [0x0000000085200000,0x00000000855afc20,0x000000008a500000)
 Metaspace       used 15309K, capacity 15488K, committed 15744K, reserved 1062912K
  class space    used 1860K, capacity 1891K, committed 1920K, reserved 1048576K
}
Event: 3.304 GC heap before
{Heap before GC invocations=4 (full 0):
 PSYoungGen      total 68608K, used 68594K [0x00000000d7100000, 0x00000000df700000, 0x0000000100000000)
  eden space 63488K, 100% used [0x00000000d7100000,0x00000000daf00000,0x00000000daf00000)
  from space 5120K, 99% used [0x00000000daf00000,0x00000000db3fca60,0x00000000db400000)
  to   space 5120K, 0% used [0x00000000df200000,0x00000000df200000,0x00000000df700000)
 ParOldGen       total 84992K, used 3775K [0x0000000085200000, 0x000000008a500000, 0x00000000d7100000)
  object space 84992K, 4% used [0x0000000085200000,0x00000000855afc20,0x000000008a500000)
 Metaspace       used 19560K, capacity 19846K, committed 20224K, reserved 1067008K
  class space    used 2367K, capacity 2476K, committed 2560K, reserved 1048576K
Event: 3.315 GC heap after
Heap after GC invocations=4 (full 0):
 PSYoungGen      total 132096K, used 5119K [0x00000000d7100000, 0x00000000df700000, 0x0000000100000000)
  eden space 126976K, 0% used [0x00000000d7100000,0x00000000d7100000,0x00000000ded00000)
  from space 5120K, 99% used [0x00000000df200000,0x00000000df6ffe78,0x00000000df700000)
  to   space 5120K, 0% used [0x00000000ded00000,0x00000000ded00000,0x00000000df200000)
 ParOldGen       total 84992K, used 6439K [0x0000000085200000, 0x000000008a500000, 0x00000000d7100000)
  object space 84992K, 7% used [0x0000000085200000,0x0000000085849f80,0x000000008a500000)
 Metaspace       used 19560K, capacity 19846K, committed 20224K, reserved 1067008K
  class space    used 2367K, capacity 2476K, committed 2560K, reserved 1048576K
}
Event: 4.071 GC heap before
{Heap before GC invocations=5 (full 0):
 PSYoungGen      total 132096K, used 64706K [0x00000000d7100000, 0x00000000df700000, 0x0000000100000000)
  eden space 126976K, 46% used [0x00000000d7100000,0x00000000dab30ad8,0x00000000ded00000)
  from space 5120K, 99% used [0x00000000df200000,0x00000000df6ffe78,0x00000000df700000)
  to   space 5120K, 0% used [0x00000000ded00000,0x00000000ded00000,0x00000000df200000)
 ParOldGen       total 84992K, used 6439K [0x0000000085200000, 0x000000008a500000, 0x00000000d7100000)
  object space 84992K, 7% used [0x0000000085200000,0x0000000085849f80,0x000000008a500000)
 Metaspace       used 20846K, capacity 21110K, committed 21296K, reserved 1069056K
  class space    used 2532K, capacity 2612K, committed 2688K, reserved 1048576K

Deoptimization events (10 events):
Event: 2.402 Thread 0x00007fded0088800 Uncommon trap: reason=unstable_if action=reinterpret pc=0x00007fdf1147a3f0 method=com.sun.org.apache.xerces.internal.impl.XMLEntityScanner.scanLiteral(ILcom/sun/org/apache/xerces/internal/xni/XMLString;Z)I @ 44
Event: 2.749 Thread 0x00007fded0088800 Uncommon trap: reason=class_check action=maybe_recompile pc=0x00007fdf11322efc method=java.util.regex.Matcher.search(I)Z @ 86
Event: 2.749 Thread 0x00007fded0088800 Uncommon trap: reason=bimorphic action=maybe_recompile pc=0x00007fdf113210f4 method=java.util.regex.Pattern$BmpCharProperty.match(Ljava/util/regex/Matcher;ILjava/lang/CharSequence;)Z @ 31
Event: 2.749 Thread 0x00007fded0088800 Uncommon trap: reason=unstable_if action=reinterpret pc=0x00007fdf1132108c method=java.util.regex.Pattern$BmpCharProperty.match(Ljava/util/regex/Matcher;ILjava/lang/CharSequence;)Z @ 5
Event: 3.230 Thread 0x00007fdecc002000 Uncommon trap: reason=class_check action=maybe_recompile pc=0x00007fdf112ab590 method=java.util.HashMap.putVal(ILjava/lang/Object;Ljava/lang/Object;ZZ)Ljava/lang/Object; @ 203
Event: 3.249 Thread 0x00007fded0088800 Uncommon trap: reason=predicate action=maybe_recompile pc=0x00007fdf11360f3c method=java.lang.String.regionMatches(ZILjava/lang/String;II)Z @ 63
Event: 3.284 Thread 0x00007fded0088800 Uncommon trap: reason=unstable_if action=reinterpret pc=0x00007fdf11331bb0 method=java.util.HashMap.hash(Ljava/lang/Object;)I @ 1
Event: 3.624 Thread 0x00007fdecc002000 Uncommon trap: reason=predicate action=maybe_recompile pc=0x00007fdf116ca260 method=java.util.AbstractCollection.toArray([Ljava/lang/Object;)[Ljava/lang/Object; @ 49
Event: 3.825 Thread 0x00007fdecc002000 Uncommon trap: reason=bimorphic action=maybe_recompile pc=0x00007fdf113235dc method=java.lang.ThreadLocal.get()Ljava/lang/Object; @ 6
Event: 3.859 Thread 0x00007fdecc002000 Uncommon trap: reason=class_check action=maybe_recompile pc=0x00007fdf11456bd4 method=java.util.concurrent.ConcurrentHashMap.putVal(Ljava/lang/Object;Ljava/lang/Object;Z)Ljava/lang/Object; @ 192

Classes redefined (0 events):
No events

Internal exceptions (10 events):
Event: 1.960 Thread 0x00007fdecc002000 Exception <a 'java/lang/ClassNotFoundException': java/lang/ObjectCustomizer> (0x00000000da5e3110) thrown at [/HUDSON/workspace/8-2-build-linux-amd64/jdk8u161/10277/hotspot/src/share/vm/classfile/systemDictionary.cpp, line 210]
Event: 1.963 Thread 0x00007fdecc002000 Exception <a 'java/lang/ClassNotFoundException': org/springframework/context/annotation/ConfigurationClassPostProcessorCustomizer> (0x00000000da60c7d8) thrown at [/HUDSON/workspace/8-2-build-linux-amd64/jdk8u161/10277/hotspot/src/share/vm/classfile/system
Event: 1.971 Thread 0x00007fdecc002000 Exception <a 'java/lang/ClassNotFoundException': org/springframework/beans/factory/support/BeanDefinitionRegistryPostProcessorCustomizer> (0x00000000da647218) thrown at [/HUDSON/workspace/8-2-build-linux-amd64/jdk8u161/10277/hotspot/src/share/vm/classfile
Event: 1.972 Thread 0x00007fdecc002000 Exception <a 'java/lang/ClassNotFoundException': org/springframework/core/PriorityOrderedCustomizer> (0x00000000da6ccac0) thrown at [/HUDSON/workspace/8-2-build-linux-amd64/jdk8u161/10277/hotspot/src/share/vm/classfile/systemDictionary.cpp, line 210]
Event: 1.972 Thread 0x00007fdecc002000 Exception <a 'java/lang/ClassNotFoundException': org/springframework/context/ResourceLoaderAwareCustomizer> (0x00000000da6ea230) thrown at [/HUDSON/workspace/8-2-build-linux-amd64/jdk8u161/10277/hotspot/src/share/vm/classfile/systemDictionary.cpp, line 21
Event: 1.973 Thread 0x00007fdecc002000 Exception <a 'java/lang/ClassNotFoundException': org/springframework/beans/factory/BeanClassLoaderAwareCustomizer> (0x00000000da70b7a8) thrown at [/HUDSON/workspace/8-2-build-linux-amd64/jdk8u161/10277/hotspot/src/share/vm/classfile/systemDictionary.cpp, 
Event: 1.975 Thread 0x00007fdecc002000 Exception <a 'java/lang/ClassNotFoundException': org/springframework/context/EnvironmentAwareCustomizer> (0x00000000da7291a8) thrown at [/HUDSON/workspace/8-2-build-linux-amd64/jdk8u161/10277/hotspot/src/share/vm/classfile/systemDictionary.cpp, line 210]
Event: 3.215 Thread 0x00007fded0088800 Exception <a 'java/lang/NoSuchFieldError': method resolution failed> (0x00000000da5e2438) thrown at [/HUDSON/workspace/8-2-build-linux-amd64/jdk8u161/10277/hotspot/src/share/vm/prims/methodHandles.cpp, line 1167]
Event: 3.230 Thread 0x00007fded0088800 Exception <a 'java/lang/NoSuchFieldError': method resolution failed> (0x00000000da5efaf8) thrown at [/HUDSON/workspace/8-2-build-linux-amd64/jdk8u161/10277/hotspot/src/share/vm/prims/methodHandles.cpp, line 1167]
Event: 3.284 Thread 0x00007fded0088800 Implicit null exception at 0x00007fdf11331b18 to 0x00007fdf11331ba6

Events (10 events):
Event: 4.052 loading class org/springframework/web/servlet/handler/AbstractHandlerMethodExceptionResolver done
Event: 4.053 loading class org/springframework/web/servlet/handler/AbstractHandlerExceptionResolver
Event: 4.053 loading class org/springframework/web/servlet/handler/AbstractHandlerExceptionResolver done
Event: 4.054 loading class org/springframework/web/servlet/mvc/method/annotation/RequestMappingHandlerMapping
Event: 4.054 loading class org/springframework/web/servlet/mvc/method/annotation/RequestMappingHandlerMapping done
Event: 4.058 loading class org/springframework/web/servlet/mvc/method/RequestMappingInfoHandlerMapping
Event: 4.058 loading class org/springframework/web/servlet/mvc/method/RequestMappingInfoHandlerMapping done
Event: 4.059 loading class org/springframework/web/servlet/handler/AbstractHandlerMethodMapping
Event: 4.059 loading class org/springframework/web/servlet/handler/AbstractHandlerMethodMapping done
Event: 4.071 Executing VM operation: CollectForMetadataAllocation


Dynamic libraries:
00400000-00401000 r-xp 00000000 08:02 737701                             /usr/lib/jvm/java-8-oracle/bin/java
00600000-00601000 rw-p 00000000 08:02 737701                             /usr/lib/jvm/java-8-oracle/bin/java
01034000-01055000 rw-p 00000000 00:00 0                                  [heap]
85200000-8a500000 rw-p 00000000 00:00 0 
8a500000-d7100000 ---p 00000000 00:00 0 
d7100000-df700000 rw-p 00000000 00:00 0 
e7f00000-100000000 ---p 00000000 00:00 0 
100000000-1002a0000 rw-p 00000000 00:00 0 
1002a0000-140000000 ---p 00000000 00:00 0 
7fdec0000000-7fdec0027000 rw-p 00000000 00:00 0 
7fdec0027000-7fdec4000000 ---p 00000000 00:00 0 
7fdec4000000-7fdec429e000 rw-p 00000000 00:00 0 
7fdec429e000-7fdec8000000 ---p 00000000 00:00 0 
7fdecafd3000-7fdecb21b000 rw-p 00000000 00:00 0 
7fdecb21b000-7fdecb3ef000 ---p 00000000 00:00 0 
7fdecb3ef000-7fdecb5ef000 rw-p 00000000 00:00 0 
7fdecb5ef000-7fdecb600000 r-xp 00000000 08:02 863634                     /usr/lib/jvm/java-8-oracle/jre/lib/amd64/libnio.so
7fdecb600000-7fdecb7ff000 ---p 00011000 08:02 863634                     /usr/lib/jvm/java-8-oracle/jre/lib/amd64/libnio.so
7fdecb7ff000-7fdecb800000 rw-p 00010000 08:02 863634                     /usr/lib/jvm/java-8-oracle/jre/lib/amd64/libnio.so
7fdecb800000-7fdecba00000 rw-p 00000000 00:00 0 
7fdecba00000-7fdecbc00000 rw-p 00000000 00:00 0 
7fdecbc00000-7fdecbe00000 rw-p 00000000 00:00 0 
7fdecbe00000-7fdecc000000 rw-p 00000000 00:00 0 
7fdecc000000-7fdecc021000 rw-p 00000000 00:00 0 
7fdecc021000-7fded0000000 ---p 00000000 00:00 0 
7fded0000000-7fded0420000 rw-p 00000000 00:00 0 
7fded0420000-7fded4000000 ---p 00000000 00:00 0 
7fded4000000-7fded4021000 rw-p 00000000 00:00 0 
7fded4021000-7fded8000000 ---p 00000000 00:00 0 
7fded8000000-7fded8021000 rw-p 00000000 00:00 0 
7fded8021000-7fdedc000000 ---p 00000000 00:00 0 
7fdedc000000-7fdedd267000 rw-p 00000000 00:00 0 
7fdedd267000-7fdee0000000 ---p 00000000 00:00 0 
7fdee0000000-7fdee098e000 rw-p 00000000 00:00 0 
7fdee098e000-7fdee4000000 ---p 00000000 00:00 0 
7fdee4000000-7fdee4021000 rw-p 00000000 00:00 0 
7fdee4021000-7fdee8000000 ---p 00000000 00:00 0 
7fdee8000000-7fdee9144000 rw-p 00000000 00:00 0 
7fdee9144000-7fdeec000000 ---p 00000000 00:00 0 
7fdeec000000-7fdeec021000 rw-p 00000000 00:00 0 
7fdeec021000-7fdef0000000 ---p 00000000 00:00 0 
7fdef0009000-7fdef000c000 ---p 00000000 00:00 0 
7fdef000c000-7fdef010a000 rw-p 00000000 00:00 0 
7fdef010a000-7fdef010f000 r--s 0009d000 08:02 863398                     /usr/lib/jvm/java-8-oracle/jre/lib/jsse.jar
7fdef010f000-7fdef0112000 ---p 00000000 00:00 0 
7fdef0112000-7fdef3211000 rw-p 00000000 00:00 0 
7fdef3211000-7fdef3227000 r-xp 00000000 08:02 863631                     /usr/lib/jvm/java-8-oracle/jre/lib/amd64/libnet.so
7fdef3227000-7fdef3427000 ---p 00016000 08:02 863631                     /usr/lib/jvm/java-8-oracle/jre/lib/amd64/libnet.so
7fdef3427000-7fdef3428000 rw-p 00016000 08:02 863631                     /usr/lib/jvm/java-8-oracle/jre/lib/amd64/libnet.so
7fdef3428000-7fdef3431000 r-xp 00000000 08:02 863639                     /usr/lib/jvm/java-8-oracle/jre/lib/amd64/libmanagement.so
7fdef3431000-7fdef3630000 ---p 00009000 08:02 863639                     /usr/lib/jvm/java-8-oracle/jre/lib/amd64/libmanagement.so
7fdef3630000-7fdef3631000 rw-p 00008000 08:02 863639                     /usr/lib/jvm/java-8-oracle/jre/lib/amd64/libmanagement.so
7fdef3631000-7fdef3634000 ---p 00000000 00:00 0 
7fdef3634000-7fdef3732000 rw-p 00000000 00:00 0 
7fdef3732000-7fdef3735000 ---p 00000000 00:00 0 
7fdef3735000-7fdef3833000 rw-p 00000000 00:00 0 
7fdef3833000-7fdef383d000 r--s 00116000 08:02 863417                     /usr/lib/jvm/java-8-oracle/jre/lib/ext/localedata.jar
7fdef383d000-7fdef3844000 r--s 00000000 08:02 680713                     /usr/lib/x86_64-linux-gnu/gconv/gconv-modules.cache
7fdef3844000-7fdef3865000 r--p 00000000 08:02 960304                     /usr/share/locale-langpack/pt_BR/LC_MESSAGES/libc.mo
7fdef3865000-7fdef3866000 r--s 00008000 08:02 312426                     /home/cflima/.m2/repository/org/thymeleaf/extras/thymeleaf-extras-springsecurity4/2.1.3.RELEASE/thymeleaf-extras-springsecurity4-2.1.3.RELEASE.jar
7fdef3866000-7fdef3868000 r--s 00009000 08:02 304982                     /home/cflima/.m2/repository/org/slf4j/slf4j-api/1.7.25/slf4j-api-1.7.25.jar
7fdef3868000-7fdef386b000 r--s 00020000 08:02 304730                     /home/cflima/.m2/repository/org/unbescape/unbescape/1.1.0.RELEASE/unbescape-1.1.0.RELEASE.jar
7fdef386b000-7fdef386e000 r--s 00035000 08:02 304728                     /home/cflima/.m2/repository/ognl/ognl/3.0.8/ognl-3.0.8.jar
7fdef386e000-7fdef387b000 r--s 000b7000 08:02 312424                     /home/cflima/.m2/repository/org/thymeleaf/thymeleaf/2.1.6.RELEASE/thymeleaf-2.1.6.RELEASE.jar
7fdef387b000-7fdef387e000 r--s 00034000 08:02 312422                     /home/cflima/.m2/repository/org/thymeleaf/thymeleaf-spring4/2.1.6.RELEASE/thymeleaf-spring4-2.1.6.RELEASE.jar
7fdef387e000-7fdef3880000 r--s 00000000 08:02 312420                     /home/cflima/.m2/repository/aopalliance/aopalliance/1.0/aopalliance-1.0.jar
7fdef3880000-7fdef388c000 r--s 00056000 08:02 427045                     /home/cflima/.m2/repository/org/springframework/security/spring-security-core/4.2.5.RELEASE/spring-security-core-4.2.5.RELEASE.jar
7fdef388c000-7fdef38a3000 r--s 000fe000 08:02 427039                     /home/cflima/.m2/repository/org/springframework/spring-core/4.3.15.RELEASE/spring-core-4.3.15.RELEASE.jar
7fdef38a3000-7fdef38b8000 r--s 00161000 08:02 331214                     /home/cflima/.m2/repository/org/projectlombok/lombok/1.16.20/lombok-1.16.20.jar
7fdef38b8000-7fdef38c2000 r--s 000ec000 08:02 312418                     /home/cflima/.m2/repository/mysql/mysql-connector-java/5.1.46/mysql-connector-java-5.1.46.jar
7fdef38c2000-7fdef38e2000 r--s 000e6000 08:02 312363                     /home/cflima/.m2/repository/org/springframework/boot/spring-boot-autoconfigure/1.5.11.BUILD-SNAPSHOT/spring-boot-autoconfigure-1.5.11.BUILD-SNAPSHOT.jar
7fdef38e2000-7fdef38f2000 r--s 00096000 08:02 312360                     /home/cflima/.m2/repository/org/springframework/boot/spring-boot/1.5.11.BUILD-SNAPSHOT/spring-boot-1.5.11.BUILD-SNAPSHOT.jar
7fdef38f2000-7fdef38f8000 r--s 0002f000 08:02 312361                     /home/cflima/.m2/repository/org/springframework/boot/spring-boot-devtools/1.5.11.BUILD-SNAPSHOT/spring-boot-devtools-1.5.11.BUILD-SNAPSHOT.jar
7fdef38f8000-7fdef38fe000 r--s 0002b000 08:02 312371                     /home/cflima/.m2/repository/org/springframework/session/spring-session/1.3.2.RELEASE/spring-session-1.3.2.RELEASE.jar
7fdef38fe000-7fdef390f000 r--s 000d0000 08:02 427037                     /home/cflima/.m2/repository/org/springframework/spring-webmvc/4.3.15.RELEASE/spring-webmvc-4.3.15.RELEASE.jar
7fdef390f000-7fdef3911000 r--s 0000e000 08:02 328473                     /home/cflima/.m2/repository/com/fasterxml/classmate/1.3.4/classmate-1.3.4.jar
7fdef3911000-7fdef3922000 r--s 000a1000 08:02 328471                     /home/cflima/.m2/repository/org/hibernate/hibernate-validator/5.3.6.Final/hibernate-validator-5.3.6.Final.jar
7fdef3922000-7fdef3923000 r--s 00000000 08:02 312356                     /home/cflima/.m2/repository/org/springframework/boot/spring-boot-starter-web/1.5.11.BUILD-SNAPSHOT/spring-boot-starter-web-1.5.11.BUILD-SNAPSHOT.jar
7fdef3923000-7fdef392e000 r--s 00054000 08:02 427035                     /home/cflima/.m2/repository/org/springframework/security/spring-security-web/4.2.5.RELEASE/spring-security-web-4.2.5.RELEASE.jar
7fdef392e000-7fdef3937000 r--s 00087000 08:02 427033                     /home/cflima/.m2/repository/org/springframework/security/spring-security-config/4.2.5.RELEASE/spring-security-config-4.2.5.RELEASE.jar
7fdef3937000-7fdef3940000 r--s 00054000 08:02 427031                     /home/cflima/.m2/repository/org/springframework/spring-aop/4.3.15.RELEASE/spring-aop-4.3.15.RELEASE.jar
7fdef3940000-7fdef3941000 r--s 00000000 08:02 402247                     /home/cflima/.m2/repository/org/springframework/boot/spring-boot-starter-security/1.5.11.BUILD-SNAPSHOT/spring-boot-starter-security-1.5.11.BUILD-SNAPSHOT.jar
7fdef3941000-7fdef3943000 r--s 0000e000 08:02 312416                     /home/cflima/.m2/repository/javax/activation/activation/1.1/activation-1.1.jar
7fdef3943000-7fdef394c000 r--s 0008c000 08:02 312414                     /home/cflima/.m2/repository/com/sun/mail/javax.mail/1.5.6/javax.mail-1.5.6.jar
7fdef394c000-7fdef3951000 r--s 00029000 08:02 427029                     /home/cflima/.m2/repository/org/springframework/spring-context-support/4.3.15.RELEASE/spring-context-support-4.3.15.RELEASE.jar
7fdef3951000-7fdef3956000 r--s 0003e000 08:02 427027                     /home/cflima/.m2/repository/org/springframework/spring-expression/4.3.15.RELEASE/spring-expression-4.3.15.RELEASE.jar
7fdef3956000-7fdef396f000 r--s 000fe000 08:02 427025                     /home/cflima/.m2/repository/org/springframework/spring-context/4.3.15.RELEASE/spring-context-4.3.15.RELEASE.jar
7fdef396f000-7fdef3970000 r--s 00000000 08:02 312348                     /home/cflima/.m2/repository/org/springframework/boot/spring-boot-starter-mail/1.5.11.BUILD-SNAPSHOT/spring-boot-starter-mail-1.5.11.BUILD-SNAPSHOT.jar
7fdef3970000-7fdef3972000 r--s 00007000 08:02 331212                     /home/cflima/.m2/repository/com/fasterxml/jackson/module/jackson-module-jaxb-annotations/2.8.11/jackson-module-jaxb-annotations-2.8.11.jar
7fdef3972000-7fdef3973000 r--s 00003000 08:02 331210                     /home/cflima/.m2/repository/com/fasterxml/jackson/jaxrs/jackson-jaxrs-json-provider/2.8.11/jackson-jaxrs-json-provider-2.8.11.jar
7fdef3973000-7fdef3974000 r--s 00007000 08:02 331185                     /home/cflima/.m2/repository/com/fasterxml/jackson/jaxrs/jackson-jaxrs-base/2.8.11/jackson-jaxrs-base-2.8.11.jar
7fdef3974000-7fdef3977000 r--s 0000f000 08:02 328461                     /home/cflima/.m2/repository/org/glassfish/jersey/ext/jersey-entity-filtering/2.25.1/jersey-entity-filtering-2.25.1.jar
7fdef3977000-7fdef3979000 r--s 00004000 08:02 328459                     /home/cflima/.m2/repository/org/glassfish/jersey/media/jersey-media-json-jackson/2.25.1/jersey-media-json-jackson-2.25.1.jar
7fdef3979000-7fdef397b000 r--s 00002000 08:02 328457                     /home/cflima/.m2/repository/org/glassfish/hk2/spring-bridge/2.5.0-b32/spring-bridge-2.5.0-b32.jar
7fdef397b000-7fdef3986000 r--s 000c1000 08:02 328455                     /home/cflima/.m2/repository/org/glassfish/hk2/external/asm-all-repackaged/2.5.0-b32/asm-all-repackaged-2.5.0-b32.jar
7fdef3986000-7fdef3989000 r--s 00013000 08:02 328453                     /home/cflima/.m2/repository/org/glassfish/hk2/class-model/2.5.0-b32/class-model-2.5.0-b32.jar
7fdef3989000-7fdef398c000 r--s 0000c000 08:02 328451                     /home/cflima/.m2/repository/org/glassfish/hk2/hk2-runlevel/2.5.0-b32/hk2-runlevel-2.5.0-b32.jar
7fdef398c000-7fdef3991000 r--s 0002e000 08:02 328449                     /home/cflima/.m2/repository/org/glassfish/hk2/hk2-config/2.5.0-b32/hk2-config-2.5.0-b32.jar
7fdef3991000-7fdef3994000 r--s 0001a000 08:02 328447                     /home/cflima/.m2/repository/org/glassfish/hk2/hk2-core/2.5.0-b32/hk2-core-2.5.0-b32.jar
7fdef3994000-7fdef3995000 r--s 00002000 08:02 328445                     /home/cflima/.m2/repository/org/glassfish/hk2/config-types/2.5.0-b32/config-types-2.5.0-b32.jar
7fdef3995000-7fdef3996000 r--s 00000000 08:02 328443                     /home/cflima/.m2/repository/org/glassfish/hk2/hk2/2.5.0-b32/hk2-2.5.0-b32.jar
7fdef3996000-7fdef3998000 r--s 00004000 08:02 328441                     /home/cflima/.m2/repository/org/glassfish/jersey/ext/jersey-spring3/2.25.1/jersey-spring3-2.25.1.jar
7fdef3998000-7fdef399a000 r--s 00008000 08:02 328439                     /home/cflima/.m2/repository/org/glassfish/jersey/ext/jersey-bean-validation/2.25.1/jersey-bean-validation-2.25.1.jar
7fdef399a000-7fdef399c000 r--s 00003000 08:02 328437                     /home/cflima/.m2/repository/org/glassfish/jersey/containers/jersey-container-servlet/2.25.1/jersey-container-servlet-2.25.1.jar
7fdef399c000-7fdef399f000 r--s 0000e000 08:02 328435                     /home/cflima/.m2/repository/org/glassfish/jersey/containers/jersey-container-servlet-core/2.25.1/jersey-container-servlet-core-2.25.1.jar
7fdef399f000-7fdef39a3000 r--s 0000c000 08:02 304632                     /home/cflima/.m2/repository/javax/validation/validation-api/1.1.0.Final/validation-api-1.1.0.Final.jar
7fdef39a3000-7fdef39a6000 r--s 0002b000 08:02 328433                     /home/cflima/.m2/repository/org/glassfish/hk2/hk2-locator/2.5.0-b32/hk2-locator-2.5.0-b32.jar
7fdef39a6000-7fdef39a7000 r--s 00001000 08:02 328431                     /home/cflima/.m2/repository/org/glassfish/hk2/external/javax.inject/2.5.0-b32/javax.inject-2.5.0-b32.jar
7fdef39a7000-7fdef39a9000 r--s 00002000 08:02 328429                     /home/cflima/.m2/repository/org/glassfish/hk2/external/aopalliance-repackaged/2.5.0-b32/aopalliance-repackaged-2.5.0-b32.jar
7fdef39a9000-7fdef39ac000 r--s 0001e000 08:02 328427                     /home/cflima/.m2/repository/org/glassfish/hk2/hk2-utils/2.5.0-b32/hk2-utils-2.5.0-b32.jar
7fdef39ac000-7fdef39b2000 r--s 00028000 08:02 328425                     /home/cflima/.m2/repository/org/glassfish/hk2/hk2-api/2.5.0-b32/hk2-api-2.5.0-b32.jar
7fdef39b2000-7fdef39b4000 r--s 00005000 08:02 304708                     /home/cflima/.m2/repository/javax/annotation/javax.annotation-api/1.2/javax.annotation-api-1.2.jar
7fdef39b4000-7fdef39b6000 r--s 00010000 08:02 328423                     /home/cflima/.m2/repository/org/glassfish/jersey/media/jersey-media-jaxb/2.25.1/jersey-media-jaxb-2.25.1.jar
7fdef39b6000-7fdef39ba000 r--s 00019000 08:02 328421                     /home/cflima/.m2/repository/javax/ws/rs/javax.ws.rs-api/2.0.1/javax.ws.rs-api-2.0.1.jar
7fdef39ba000-7fdef39be000 r--s 00026000 08:02 328419                     /home/cflima/.m2/repository/org/glassfish/jersey/core/jersey-client/2.25.1/jersey-client-2.25.1.jar
7fdef39be000-7fdef39d6000 r--s 000d6000 08:02 328415                     /home/cflima/.m2/repository/org/glassfish/jersey/bundles/repackaged/jersey-guava/2.25.1/jersey-guava-2.25.1.jar
7fdef39d6000-7fdef39e4000 r--s 000a1000 08:02 328413                     /home/cflima/.m2/repository/org/glassfish/jersey/core/jersey-common/2.25.1/jersey-common-2.25.1.jar
7fdef39e4000-7fdef39f9000 r--s 000d1000 08:02 328412                     /home/cflima/.m2/repository/org/glassfish/jersey/core/jersey-server/2.25.1/jersey-server-2.25.1.jar
7fdef39f9000-7fdef3a23000 r--s 002cc000 08:02 312389                     /home/cflima/.m2/repository/org/apache/tomcat/embed/tomcat-embed-core/8.5.29/tomcat-embed-core-8.5.29.jar
7fdef3a23000-7fdef3a24000 ---p 00000000 00:00 0 
7fdef3a24000-7fdef3b24000 rw-p 00000000 00:00 0 
7fdef3b24000-7fdef3b27000 ---p 00000000 00:00 0 
7fdef3b27000-7fdef3c25000 rw-p 00000000 00:00 0 
7fdef3c25000-7fdef3c28000 ---p 00000000 00:00 0 
7fdef3c28000-7fdef3d26000 rw-p 00000000 00:00 0 
7fdef3d26000-7fdef4000000 r--p 00000000 08:02 650877                     /usr/lib/locale/locale-archive
7fdef4000000-7fdef428f000 rw-p 00000000 00:00 0 
7fdef428f000-7fdef8000000 ---p 00000000 00:00 0 
7fdef8000000-7fdef8021000 rw-p 00000000 00:00 0 
7fdef8021000-7fdefc000000 ---p 00000000 00:00 0 
7fdefc000000-7fdefc021000 rw-p 00000000 00:00 0 
7fdefc021000-7fdf00000000 ---p 00000000 00:00 0 
7fdf00000000-7fdf00021000 rw-p 00000000 00:00 0 
7fdf00021000-7fdf04000000 ---p 00000000 00:00 0 
7fdf04000000-7fdf04021000 rw-p 00000000 00:00 0 
7fdf04021000-7fdf08000000 ---p 00000000 00:00 0 
7fdf08000000-7fdf08001000 r--s 00004000 08:02 328417                     /home/cflima/.m2/repository/org/glassfish/hk2/osgi-resource-locator/1.0.1/osgi-resource-locator-1.0.1.jar
7fdf08001000-7fdf08013000 r--s 000b9000 08:02 427023                     /home/cflima/.m2/repository/org/springframework/spring-web/4.3.15.RELEASE/spring-web-4.3.15.RELEASE.jar
7fdf08013000-7fdf08025000 r--s 0011f000 08:02 312410                     /home/cflima/.m2/repository/com/fasterxml/jackson/core/jackson-databind/2.8.11.1/jackson-databind-2.8.11.1.jar
7fdf08025000-7fdf0808e000 r--s 004f3000 08:02 304752                     /home/cflima/.m2/repository/org/hibernate/hibernate-core/5.0.12.Final/hibernate-core-5.0.12.Final.jar
7fdf0808e000-7fdf08091000 ---p 00000000 00:00 0 
7fdf08091000-7fdf0818f000 rw-p 00000000 00:00 0 
7fdf0818f000-7fdf08192000 ---p 00000000 00:00 0 
7fdf08192000-7fdf0c000000 rw-p 00000000 00:00 0 
7fdf0c000000-7fdf0c021000 rw-p 00000000 00:00 0 
7fdf0c021000-7fdf10000000 ---p 00000000 00:00 0 
7fdf10000000-7fdf10004000 r--s 00042000 08:02 312412                     /home/cflima/.m2/repository/com/fasterxml/jackson/core/jackson-core/2.8.11/jackson-core-2.8.11.jar
7fdf10004000-7fdf10007000 r--s 0000b000 08:02 304639                     /home/cflima/.m2/repository/com/fasterxml/jackson/core/jackson-annotations/2.8.0/jackson-annotations-2.8.0.jar
7fdf10007000-7fdf10008000 r--s 00000000 08:02 331199                     /home/cflima/.m2/repository/org/springframework/boot/spring-boot-starter-validation/1.5.11.BUILD-SNAPSHOT/spring-boot-starter-validation-1.5.11.BUILD-SNAPSHOT.jar
7fdf10008000-7fdf1000d000 r--s 0003a000 08:02 312408                     /home/cflima/.m2/repository/org/apache/tomcat/embed/tomcat-embed-websocket/8.5.29/tomcat-embed-websocket-8.5.29.jar
7fdf1000d000-7fdf10011000 r--s 00037000 08:02 312406                     /home/cflima/.m2/repository/org/apache/tomcat/embed/tomcat-embed-el/8.5.29/tomcat-embed-el-8.5.29.jar
7fdf10011000-7fdf10013000 r--s 00002000 08:02 312404                     /home/cflima/.m2/repository/org/apache/tomcat/tomcat-annotations-api/8.5.29/tomcat-annotations-api-8.5.29.jar
7fdf10013000-7fdf10014000 r--s 00000000 08:02 312340                     /home/cflima/.m2/repository/org/springframework/boot/spring-boot-starter-tomcat/1.5.11.BUILD-SNAPSHOT/spring-boot-starter-tomcat-1.5.11.BUILD-SNAPSHOT.jar
7fdf10014000-7fdf10022000 r--s 000ad000 08:02 427019                     /home/cflima/.m2/repository/org/springframework/spring-beans/4.3.15.RELEASE/spring-beans-4.3.15.RELEASE.jar
7fdf10022000-7fdf1002a000 r--s 0003a000 08:02 427017                     /home/cflima/.m2/repository/org/springframework/spring-tx/4.3.15.RELEASE/spring-tx-4.3.15.RELEASE.jar
7fdf1002a000-7fdf10034000 r--s 0006b000 08:02 427015                     /home/cflima/.m2/repository/org/springframework/spring-orm/4.3.15.RELEASE/spring-orm-4.3.15.RELEASE.jar
7fdf10034000-7fdf10047000 r--s 000b1000 08:02 427013                     /home/cflima/.m2/repository/org/springframework/data/spring-data-commons/1.13.11.RELEASE/spring-data-commons-1.13.11.RELEASE.jar
7fdf10047000-7fdf1004e000 r--s 00043000 08:02 427011                     /home/cflima/.m2/repository/org/springframework/data/spring-data-jpa/1.11.11.RELEASE/spring-data-jpa-1.11.11.RELEASE.jar
7fdf1004e000-7fdf1005b000 r--s 00089000 08:02 313574                     /home/cflima/.m2/repository/org/hibernate/hibernate-entitymanager/5.0.12.Final/hibernate-entitymanager-5.0.12.Final.jar
7fdf1005b000-7fdf100f1000 r--s 0110a000 08:02 863406                     /usr/lib/jvm/java-8-oracle/jre/lib/ext/jfxrt.jar
7fdf100f1000-7fdf100f4000 ---p 00000000 00:00 0 
7fdf100f4000-7fdf101f2000 rw-p 00000000 00:00 0 
7fdf101f2000-7fdf101f5000 ---p 00000000 00:00 0 
7fdf101f5000-7fdf102f3000 rw-p 00000000 00:00 0 
7fdf102f3000-7fdf102f6000 ---p 00000000 00:00 0 
7fdf102f6000-7fdf103f4000 rw-p 00000000 00:00 0 
7fdf103f4000-7fdf103f5000 ---p 00000000 00:00 0 
7fdf103f5000-7fdf11000000 rw-p 00000000 00:00 0 
7fdf11000000-7fdf11740000 rwxp 00000000 00:00 0 
7fdf11740000-7fdf20000000 ---p 00000000 00:00 0 
7fdf20000000-7fdf209e6000 rw-p 00000000 00:00 0 
7fdf209e6000-7fdf24000000 ---p 00000000 00:00 0 
7fdf24000000-7fdf24001000 r--s 00000000 08:02 331198                     /home/cflima/.m2/repository/org/springframework/boot/spring-boot-starter-jersey/1.5.11.BUILD-SNAPSHOT/spring-boot-starter-jersey-1.5.11.BUILD-SNAPSHOT.jar
7fdf24001000-7fdf24004000 r--s 0000c000 08:02 427021                     /home/cflima/.m2/repository/org/springframework/spring-aspects/4.3.15.RELEASE/spring-aspects-4.3.15.RELEASE.jar
7fdf24004000-7fdf24006000 r--s 00003000 08:02 304764                     /home/cflima/.m2/repository/org/slf4j/jcl-over-slf4j/1.7.25/jcl-over-slf4j-1.7.25.jar
7fdf24006000-7fdf24008000 r--s 00006000 08:02 313576                     /home/cflima/.m2/repository/javax/transaction/javax.transaction-api/1.2/javax.transaction-api-1.2.jar
7fdf24008000-7fdf2400b000 r--s 00010000 08:02 313572                     /home/cflima/.m2/repository/org/hibernate/common/hibernate-commons-annotations/5.0.1.Final/hibernate-commons-annotations-5.0.1.Final.jar
7fdf2400b000-7fdf24010000 r--s 00048000 08:02 313568                     /home/cflima/.m2/repository/dom4j/dom4j/1.6.1/dom4j-1.6.1.jar
7fdf24010000-7fdf24013000 r--s 0002b000 08:02 304760                     /home/cflima/.m2/repository/org/jboss/jandex/2.0.0.Final/jandex-2.0.0.Final.jar
7fdf24013000-7fdf24018000 r--s 00068000 08:02 304758                     /home/cflima/.m2/repository/antlr/antlr/2.7.7/antlr-2.7.7.jar
7fdf24018000-7fdf24022000 r--s 000aa000 08:02 328388                     /home/cflima/.m2/repository/org/javassist/javassist/3.21.0-GA/javassist-3.21.0-GA.jar
7fdf24022000-7fdf24027000 r--s 00017000 08:02 304754                     /home/cflima/.m2/repository/org/hibernate/javax/persistence/hibernate-jpa-2.1-api/1.0.0.Final/hibernate-jpa-2.1-api-1.0.0.Final.jar
7fdf24027000-7fdf24029000 r--s 0000f000 08:02 312378                     /home/cflima/.m2/repository/org/jboss/logging/jboss-logging/3.3.2.Final/jboss-logging-3.3.2.Final.jar
7fdf24029000-7fdf24033000 r--s 00060000 08:02 427009                     /home/cflima/.m2/repository/org/springframework/spring-jdbc/4.3.15.RELEASE/spring-jdbc-4.3.15.RELEASE.jar
7fdf24033000-7fdf24035000 r--s 0000b000 08:02 312375                     /home/cflima/.m2/repository/org/apache/tomcat/tomcat-juli/8.5.29/tomcat-juli-8.5.29.jar
7fdf24035000-7fdf24038000 r--s 00022000 08:02 312362                     /home/cflima/.m2/repository/org/apache/tomcat/tomcat-jdbc/8.5.29/tomcat-jdbc-8.5.29.jar
7fdf24038000-7fdf24039000 r--s 00000000 08:02 312334                     /home/cflima/.m2/repository/org/springframework/boot/spring-boot-starter-jdbc/1.5.11.BUILD-SNAPSHOT/spring-boot-starter-jdbc-1.5.11.BUILD-SNAPSHOT.jar
7fdf24039000-7fdf24052000 r--s 001bf000 08:02 328380                     /home/cflima/.m2/repository/org/aspectj/aspectjweaver/1.8.13/aspectjweaver-1.8.13.jar
7fdf24052000-7fdf24058000 r--s 0003d000 08:02 304628                     /home/cflima/.m2/repository/org/yaml/snakeyaml/1.17/snakeyaml-1.17.jar
7fdf24058000-7fdf2405a000 r--s 00004000 08:02 304624                     /home/cflima/.m2/repository/org/slf4j/log4j-over-slf4j/1.7.25/log4j-over-slf4j-1.7.25.jar
7fdf2405a000-7fdf2405c000 r--s 00000000 08:02 304622                     /home/cflima/.m2/repository/org/slf4j/jul-to-slf4j/1.7.25/jul-to-slf4j-1.7.25.jar
7fdf2405c000-7fdf24067000 r--s 0006a000 08:02 304620                     /home/cflima/.m2/repository/ch/qos/logback/logback-core/1.1.11/logback-core-1.1.11.jar
7fdf24067000-7fdf2406e000 r--s 00045000 08:02 304618                     /home/cflima/.m2/repository/ch/qos/logback/logback-classic/1.1.11/logback-classic-1.1.11.jar
7fdf2406e000-7fdf24073000 r--s 00084000 08:02 863100                     /usr/lib/jvm/java-8-oracle/jre/lib/jfr.jar
7fdf24073000-7fdf2454a000 rw-p 00000000 00:00 0 
7fdf2454a000-7fdf24723000 r--s 03d64000 08:02 863300                     /usr/lib/jvm/java-8-oracle/jre/lib/rt.jar
7fdf24723000-7fdf25370000 rw-p 00000000 00:00 0 
7fdf25370000-7fdf25371000 ---p 00000000 00:00 0 
7fdf25371000-7fdf25471000 rw-p 00000000 00:00 0 
7fdf25471000-7fdf25472000 ---p 00000000 00:00 0 
7fdf25472000-7fdf25572000 rw-p 00000000 00:00 0 
7fdf25572000-7fdf25573000 ---p 00000000 00:00 0 
7fdf25573000-7fdf25673000 rw-p 00000000 00:00 0 
7fdf25673000-7fdf25674000 ---p 00000000 00:00 0 
7fdf25674000-7fdf2579e000 rw-p 00000000 00:00 0 
7fdf2579e000-7fdf25a04000 ---p 00000000 00:00 0 
7fdf25a04000-7fdf25a2e000 rw-p 00000000 00:00 0 
7fdf25a2e000-7fdf25c93000 ---p 00000000 00:00 0 
7fdf25c93000-7fdf25cd7000 rw-p 00000000 00:00 0 
7fdf25cd7000-7fdf25ddb000 ---p 00000000 00:00 0 
7fdf25ddb000-7fdf25df9000 rw-p 00000000 00:00 0 
7fdf25df9000-7fdf2619c000 ---p 00000000 00:00 0 
7fdf2619c000-7fdf261b7000 r-xp 00000000 08:02 863627                     /usr/lib/jvm/java-8-oracle/jre/lib/amd64/libzip.so
7fdf261b7000-7fdf263b7000 ---p 0001b000 08:02 863627                     /usr/lib/jvm/java-8-oracle/jre/lib/amd64/libzip.so
7fdf263b7000-7fdf263b8000 rw-p 0001b000 08:02 863627                     /usr/lib/jvm/java-8-oracle/jre/lib/amd64/libzip.so
7fdf263b8000-7fdf263c3000 r-xp 00000000 08:02 82200                      /lib/x86_64-linux-gnu/libnss_files-2.23.so
7fdf263c3000-7fdf265c2000 ---p 0000b000 08:02 82200                      /lib/x86_64-linux-gnu/libnss_files-2.23.so
7fdf265c2000-7fdf265c3000 r--p 0000a000 08:02 82200                      /lib/x86_64-linux-gnu/libnss_files-2.23.so
7fdf265c3000-7fdf265c4000 rw-p 0000b000 08:02 82200                      /lib/x86_64-linux-gnu/libnss_files-2.23.so
7fdf265c4000-7fdf265ca000 rw-p 00000000 00:00 0 
7fdf265ca000-7fdf265d5000 r-xp 00000000 08:02 82207                      /lib/x86_64-linux-gnu/libnss_nis-2.23.so
7fdf265d5000-7fdf267d4000 ---p 0000b000 08:02 82207                      /lib/x86_64-linux-gnu/libnss_nis-2.23.so
7fdf267d4000-7fdf267d5000 r--p 0000a000 08:02 82207                      /lib/x86_64-linux-gnu/libnss_nis-2.23.so
7fdf267d5000-7fdf267d6000 rw-p 0000b000 08:02 82207                      /lib/x86_64-linux-gnu/libnss_nis-2.23.so
7fdf267d6000-7fdf267ec000 r-xp 00000000 08:02 82168                      /lib/x86_64-linux-gnu/libnsl-2.23.so
7fdf267ec000-7fdf269eb000 ---p 00016000 08:02 82168                      /lib/x86_64-linux-gnu/libnsl-2.23.so
7fdf269eb000-7fdf269ec000 r--p 00015000 08:02 82168                      /lib/x86_64-linux-gnu/libnsl-2.23.so
7fdf269ec000-7fdf269ed000 rw-p 00016000 08:02 82168                      /lib/x86_64-linux-gnu/libnsl-2.23.so
7fdf269ed000-7fdf269ef000 rw-p 00000000 00:00 0 
7fdf269ef000-7fdf269f7000 r-xp 00000000 08:02 82190                      /lib/x86_64-linux-gnu/libnss_compat-2.23.so
7fdf269f7000-7fdf26bf6000 ---p 00008000 08:02 82190                      /lib/x86_64-linux-gnu/libnss_compat-2.23.so
7fdf26bf6000-7fdf26bf7000 r--p 00007000 08:02 82190                      /lib/x86_64-linux-gnu/libnss_compat-2.23.so
7fdf26bf7000-7fdf26bf8000 rw-p 00008000 08:02 82190                      /lib/x86_64-linux-gnu/libnss_compat-2.23.so
7fdf26bf8000-7fdf26c23000 r-xp 00000000 08:02 863621                     /usr/lib/jvm/java-8-oracle/jre/lib/amd64/libjava.so
7fdf26c23000-7fdf26e22000 ---p 0002b000 08:02 863621                     /usr/lib/jvm/java-8-oracle/jre/lib/amd64/libjava.so
7fdf26e22000-7fdf26e24000 rw-p 0002a000 08:02 863621                     /usr/lib/jvm/java-8-oracle/jre/lib/amd64/libjava.so
7fdf26e24000-7fdf26e31000 r-xp 00000000 08:02 863626                     /usr/lib/jvm/java-8-oracle/jre/lib/amd64/libverify.so
7fdf26e31000-7fdf27031000 ---p 0000d000 08:02 863626                     /usr/lib/jvm/java-8-oracle/jre/lib/amd64/libverify.so
7fdf27031000-7fdf27033000 rw-p 0000d000 08:02 863626                     /usr/lib/jvm/java-8-oracle/jre/lib/amd64/libverify.so
7fdf27033000-7fdf2703a000 r-xp 00000000 08:02 82208                      /lib/x86_64-linux-gnu/librt-2.23.so
7fdf2703a000-7fdf27239000 ---p 00007000 08:02 82208                      /lib/x86_64-linux-gnu/librt-2.23.so
7fdf27239000-7fdf2723a000 r--p 00006000 08:02 82208                      /lib/x86_64-linux-gnu/librt-2.23.so
7fdf2723a000-7fdf2723b000 rw-p 00007000 08:02 82208                      /lib/x86_64-linux-gnu/librt-2.23.so
7fdf2723b000-7fdf27343000 r-xp 00000000 08:02 82166                      /lib/x86_64-linux-gnu/libm-2.23.so
7fdf27343000-7fdf27542000 ---p 00108000 08:02 82166                      /lib/x86_64-linux-gnu/libm-2.23.so
7fdf27542000-7fdf27543000 r--p 00107000 08:02 82166                      /lib/x86_64-linux-gnu/libm-2.23.so
7fdf27543000-7fdf27544000 rw-p 00108000 08:02 82166                      /lib/x86_64-linux-gnu/libm-2.23.so
7fdf27544000-7fdf2821d000 r-xp 00000000 08:02 863604                     /usr/lib/jvm/java-8-oracle/jre/lib/amd64/server/libjvm.so
7fdf2821d000-7fdf2841c000 ---p 00cd9000 08:02 863604                     /usr/lib/jvm/java-8-oracle/jre/lib/amd64/server/libjvm.so
7fdf2841c000-7fdf284f5000 rw-p 00cd8000 08:02 863604                     /usr/lib/jvm/java-8-oracle/jre/lib/amd64/server/libjvm.so
7fdf284f5000-7fdf28541000 rw-p 00000000 00:00 0 
7fdf28541000-7fdf28701000 r-xp 00000000 08:02 82174                      /lib/x86_64-linux-gnu/libc-2.23.so
7fdf28701000-7fdf28901000 ---p 001c0000 08:02 82174                      /lib/x86_64-linux-gnu/libc-2.23.so
7fdf28901000-7fdf28905000 r--p 001c0000 08:02 82174                      /lib/x86_64-linux-gnu/libc-2.23.so
7fdf28905000-7fdf28907000 rw-p 001c4000 08:02 82174                      /lib/x86_64-linux-gnu/libc-2.23.so
7fdf28907000-7fdf2890b000 rw-p 00000000 00:00 0 
7fdf2890b000-7fdf2890e000 r-xp 00000000 08:02 82178                      /lib/x86_64-linux-gnu/libdl-2.23.so
7fdf2890e000-7fdf28b0d000 ---p 00003000 08:02 82178                      /lib/x86_64-linux-gnu/libdl-2.23.so
7fdf28b0d000-7fdf28b0e000 r--p 00002000 08:02 82178                      /lib/x86_64-linux-gnu/libdl-2.23.so
7fdf28b0e000-7fdf28b0f000 rw-p 00003000 08:02 82178                      /lib/x86_64-linux-gnu/libdl-2.23.so
7fdf28b0f000-7fdf28b25000 r-xp 00000000 08:02 860371                     /usr/lib/jvm/java-8-oracle/lib/amd64/jli/libjli.so
7fdf28b25000-7fdf28d24000 ---p 00016000 08:02 860371                     /usr/lib/jvm/java-8-oracle/lib/amd64/jli/libjli.so
7fdf28d24000-7fdf28d25000 rw-p 00015000 08:02 860371                     /usr/lib/jvm/java-8-oracle/lib/amd64/jli/libjli.so
7fdf28d25000-7fdf28d3d000 r-xp 00000000 08:02 82172                      /lib/x86_64-linux-gnu/libpthread-2.23.so
7fdf28d3d000-7fdf28f3c000 ---p 00018000 08:02 82172                      /lib/x86_64-linux-gnu/libpthread-2.23.so
7fdf28f3c000-7fdf28f3d000 r--p 00017000 08:02 82172                      /lib/x86_64-linux-gnu/libpthread-2.23.so
7fdf28f3d000-7fdf28f3e000 rw-p 00018000 08:02 82172                      /lib/x86_64-linux-gnu/libpthread-2.23.so
7fdf28f3e000-7fdf28f42000 rw-p 00000000 00:00 0 
7fdf28f42000-7fdf28f68000 r-xp 00000000 08:02 82170                      /lib/x86_64-linux-gnu/ld-2.23.so
7fdf28f68000-7fdf28f69000 r--s 00000000 08:02 312333                     /home/cflima/.m2/repository/org/springframework/boot/spring-boot-starter-aop/1.5.11.BUILD-SNAPSHOT/spring-boot-starter-aop-1.5.11.BUILD-SNAPSHOT.jar
7fdf28f69000-7fdf28f7c000 r--s 00345000 08:02 863366                     /usr/lib/jvm/java-8-oracle/jre/lib/resources.jar
7fdf28f7c000-7fdf29047000 rw-p 00000000 00:00 0 
7fdf29047000-7fdf2904a000 ---p 00000000 00:00 0 
7fdf2904a000-7fdf2914d000 rw-p 00000000 00:00 0 
7fdf2914d000-7fdf2914e000 r--s 00000000 08:02 312332                     /home/cflima/.m2/repository/org/springframework/boot/spring-boot-starter-logging/1.5.11.BUILD-SNAPSHOT/spring-boot-starter-logging-1.5.11.BUILD-SNAPSHOT.jar
7fdf2914e000-7fdf2914f000 r--s 00000000 08:02 311865                     /home/cflima/.m2/repository/org/springframework/boot/spring-boot-starter/1.5.11.BUILD-SNAPSHOT/spring-boot-starter-1.5.11.BUILD-SNAPSHOT.jar
7fdf2914f000-7fdf29150000 r--s 00000000 08:02 312331                     /home/cflima/.m2/repository/org/springframework/boot/spring-boot-starter-data-jpa/1.5.11.BUILD-SNAPSHOT/spring-boot-starter-data-jpa-1.5.11.BUILD-SNAPSHOT.jar
7fdf29150000-7fdf29155000 r--s 002f9000 08:02 863294                     /usr/lib/jvm/java-8-oracle/jre/lib/charsets.jar
7fdf29155000-7fdf29158000 r--s 0001a000 08:02 863647                     /usr/lib/jvm/java-8-oracle/jre/lib/jce.jar
7fdf29158000-7fdf2915d000 r--s 0009d000 08:02 863398                     /usr/lib/jvm/java-8-oracle/jre/lib/jsse.jar
7fdf2915d000-7fdf29165000 rw-s 00000000 08:02 984939                     /tmp/hsperfdata_cflima/4343
7fdf29165000-7fdf29166000 rw-p 00000000 00:00 0 
7fdf29166000-7fdf29167000 ---p 00000000 00:00 0 
7fdf29167000-7fdf29168000 r--p 00025000 08:02 82170                      /lib/x86_64-linux-gnu/ld-2.23.so
7fdf29168000-7fdf29169000 rw-p 00026000 08:02 82170                      /lib/x86_64-linux-gnu/ld-2.23.so
7fdf29169000-7fdf2916a000 rw-p 00000000 00:00 0 
7ffd3c22b000-7ffd3c24f000 rw-p 00000000 00:00 0                          [stack]
7ffd3c2f5000-7ffd3c2f8000 r--p 00000000 00:00 0                          [vvar]
7ffd3c2f8000-7ffd3c2fa000 r-xp 00000000 00:00 0                          [vdso]
ffffffffff600000-ffffffffff601000 r-xp 00000000 00:00 0                  [vsyscall]

VM Arguments:
jvm_args: -Dfile.encoding=UTF-8 
java_command: br.com.cflima.livrariaObpc.LivrariaObpcApplication
java_class_path (initial): /usr/lib/jvm/java-8-oracle/jre/lib/resources.jar:/usr/lib/jvm/java-8-oracle/jre/lib/rt.jar:/usr/lib/jvm/java-8-oracle/jre/lib/jsse.jar:/usr/lib/jvm/java-8-oracle/jre/lib/jce.jar:/usr/lib/jvm/java-8-oracle/jre/lib/charsets.jar:/usr/lib/jvm/java-8-oracle/jre/lib/jfr.jar:/usr/lib/jvm/java-8-oracle/jre/lib/ext/localedata.jar:/usr/lib/jvm/java-8-oracle/jre/lib/ext/sunpkcs11.jar:/usr/lib/jvm/java-8-oracle/jre/lib/ext/jaccess.jar:/usr/lib/jvm/java-8-oracle/jre/lib/ext/jfxrt.jar:/usr/lib/jvm/java-8-oracle/jre/lib/ext/zipfs.jar:/usr/lib/jvm/java-8-oracle/jre/lib/ext/nashorn.jar:/usr/lib/jvm/java-8-oracle/jre/lib/ext/sunjce_provider.jar:/usr/lib/jvm/java-8-oracle/jre/lib/ext/dnsns.jar:/usr/lib/jvm/java-8-oracle/jre/lib/ext/cldrdata.jar:/usr/lib/jvm/java-8-oracle/jre/lib/ext/sunec.jar:/home/cflima/projetos/livraria-obpc/target/classes:/home/cflima/.m2/repository/org/springframework/boot/spring-boot-starter-data-jpa/1.5.11.BUILD-SNAPSHOT/spring-boot-starter-data-jpa-1.5.11.BUILD-SNAPSHOT.jar:/home/cflima/.m2/repository/org/springframework/boot/spring-boot-starter/1.5.11.BUILD-SNAPSHOT/spring-boot-starter-1.5.11.BUILD-SNAPSHOT.jar:/home/cflima/.m2/repository/org/springframework/boot/spring-boot-starter-logging/1.5.11.BUILD-SNAPSHOT/spring-boot-starter-logging-1.5.11.BUILD-SNAPSHOT.jar:/home/cflima/.m2/repository/ch/qos/logback/logback-classic/1.1.11/logback-classic-1.1.11.jar:/home/cflima/.m2/repository/ch/qos/logback/logback-core/1.1.11/logback-core-1.1.11.jar:/home/cflima/.m2/repository/org/slf4j/jul-to-slf4j/1.7.25/jul-to-slf4j-1.7.25.jar:/home/cflima/.m2/repository/org/slf4j/log4j-over-slf4j/1.7.25/log4j-over-slf4j-1.7.25.jar:/home/cflima/.m2/repository/org/yaml/snakeyaml/1.17/snakeyaml-1.17.jar:/home/cflima/.m2/repository/org/springframework/boot/spring-boot-starter-aop/1.5.11.BUILD-SNAPSHOT/spring-boot-starter-aop-1.5.11.BUILD-SNAPSHOT.jar:/home/cflima/.m2/repository/org/aspectj/aspectjweaver/1.8.13/aspectjweaver-1.8.13.jar:/home/cflima/.m2/rep
Launcher Type: SUN_STANDARD

Environment Variables:
JAVA_HOME=/usr/lib/jvm/java-8-oracle
PATH=/home/cflima/bin:/home/cflima/.local/bin:/usr/local/sbin:/usr/local/bin:/usr/sbin:/usr/bin:/sbin:/bin:/usr/games:/usr/local/games:/snap/bin:/usr/lib/jvm/java-8-oracle/bin:/usr/lib/jvm/java-8-oracle/db/bin:/usr/lib/jvm/java-8-oracle/jre/bin:/home/cflima/estudosLinux:/home/cflima/eclipse:/home/cflima/forge/forge-distribution-3.8.1.Final/bin
SHELL=/bin/bash
DISPLAY=:1

Signal Handlers:
SIGSEGV: [libjvm.so+0xad01e0], sa_mask[0]=11111111011111111101111111111110, sa_flags=SA_RESTART|SA_SIGINFO
SIGBUS: [libjvm.so+0xad01e0], sa_mask[0]=11111111011111111101111111111110, sa_flags=SA_RESTART|SA_SIGINFO
SIGFPE: [libjvm.so+0x927fb0], sa_mask[0]=11111111011111111101111111111110, sa_flags=SA_RESTART|SA_SIGINFO
SIGPIPE: [libjvm.so+0x927fb0], sa_mask[0]=11111111011111111101111111111110, sa_flags=SA_RESTART|SA_SIGINFO
SIGXFSZ: [libjvm.so+0x927fb0], sa_mask[0]=11111111011111111101111111111110, sa_flags=SA_RESTART|SA_SIGINFO
SIGILL: [libjvm.so+0x927fb0], sa_mask[0]=11111111011111111101111111111110, sa_flags=SA_RESTART|SA_SIGINFO
SIGUSR1: SIG_DFL, sa_mask[0]=00000000000000000000000000000000, sa_flags=none
SIGUSR2: [libjvm.so+0x9297f0], sa_mask[0]=00100000000000000000000000000000, sa_flags=SA_RESTART|SA_SIGINFO
SIGHUP: [libjvm.so+0x92abf0], sa_mask[0]=11111111011111111101111111111110, sa_flags=SA_RESTART|SA_SIGINFO
SIGINT: [libjvm.so+0x92abf0], sa_mask[0]=11111111011111111101111111111110, sa_flags=SA_RESTART|SA_SIGINFO
SIGTERM: [libjvm.so+0x92abf0], sa_mask[0]=11111111011111111101111111111110, sa_flags=SA_RESTART|SA_SIGINFO
SIGQUIT: [libjvm.so+0x92abf0], sa_mask[0]=11111111011111111101111111111110, sa_flags=SA_RESTART|SA_SIGINFO


---------------  S Y S T E M  ---------------

OS:DISTRIB_ID=Ubuntu
DISTRIB_RELEASE=16.04
DISTRIB_CODENAME=xenial
DISTRIB_DESCRIPTION="Ubuntu 16.04.4 LTS"

uname:Linux 4.13.0-38-generic #43~16.04.1-Ubuntu SMP Wed Mar 14 17:48:43 UTC 2018 x86_64
libc:glibc 2.23 NPTL 2.23 
rlimit: STACK 8192k, CORE 0k, NPROC 31218, NOFILE 1048576, AS infinity
load average:2.00 1.67 1.56

/proc/meminfo:
MemTotal:        8044684 kB
MemFree:          119748 kB
MemAvailable:      61784 kB
Buffers:            2744 kB
Cached:          1854296 kB
SwapCached:            0 kB
Active:          5804008 kB
Inactive:        1803468 kB
Active(anon):    5752848 kB
Inactive(anon):  1756468 kB
Active(file):      51160 kB
Inactive(file):    47000 kB
Unevictable:         432 kB
Mlocked:             432 kB
SwapTotal:             0 kB
SwapFree:              0 kB
Dirty:               540 kB
Writeback:             0 kB
AnonPages:       5751372 kB
Mapped:           798900 kB
Shmem:           1759928 kB
Slab:             128772 kB
SReclaimable:      56548 kB
SUnreclaim:        72224 kB
KernelStack:       20208 kB
PageTables:        92980 kB
NFS_Unstable:          0 kB
Bounce:                0 kB
WritebackTmp:          0 kB
CommitLimit:     4022340 kB
Committed_AS:   16898772 kB
VmallocTotal:   34359738367 kB
VmallocUsed:           0 kB
VmallocChunk:          0 kB
HardwareCorrupted:     0 kB
AnonHugePages:         0 kB
ShmemHugePages:        0 kB
ShmemPmdMapped:        0 kB
CmaTotal:              0 kB
CmaFree:               0 kB
HugePages_Total:       0
HugePages_Free:        0
HugePages_Rsvd:        0
HugePages_Surp:        0
Hugepagesize:       2048 kB
DirectMap4k:      523728 kB
DirectMap2M:     7743488 kB


CPU:total 4 (initial active 4) (2 cores per cpu, 2 threads per core) family 6 model 42 stepping 7, cmov, cx8, fxsr, mmx, sse, sse2, sse3, ssse3, sse4.1, sse4.2, popcnt, avx, aes, clmul, ht, tsc, tscinvbit

/proc/cpuinfo:
processor	: 0
vendor_id	: GenuineIntel
cpu family	: 6
model		: 42
model name	: Intel(R) Core(TM) i5-2520M CPU @ 2.50GHz
stepping	: 7
microcode	: 0x2d
cpu MHz		: 2993.127
cache size	: 3072 KB
physical id	: 0
siblings	: 4
core id		: 0
cpu cores	: 2
apicid		: 0
initial apicid	: 0
fpu		: yes
fpu_exception	: yes
cpuid level	: 13
wp		: yes
flags		: fpu vme de pse tsc msr pae mce cx8 apic sep mtrr pge mca cmov pat pse36 clflush dts acpi mmx fxsr sse sse2 ss ht tm pbe syscall nx rdtscp lm constant_tsc arch_perfmon pebs bts rep_good nopl xtopology nonstop_tsc cpuid aperfmperf pni pclmulqdq dtes64 monitor ds_cpl vmx smx est tm2 ssse3 cx16 xtpr pdcm pcid sse4_1 sse4_2 x2apic popcnt tsc_deadline_timer aes xsave avx lahf_lm epb pti retpoline spec_ctrl tpr_shadow vnmi flexpriority ept vpid xsaveopt dtherm ida arat pln pts
bugs		: cpu_meltdown spectre_v1 spectre_v2
bogomips	: 4988.54
clflush size	: 64
cache_alignment	: 64
address sizes	: 36 bits physical, 48 bits virtual
power management:

processor	: 1
vendor_id	: GenuineIntel
cpu family	: 6
model		: 42
model name	: Intel(R) Core(TM) i5-2520M CPU @ 2.50GHz
stepping	: 7
microcode	: 0x2d
cpu MHz		: 2993.125
cache size	: 3072 KB
physical id	: 0
siblings	: 4
core id		: 1
cpu cores	: 2
apicid		: 2
initial apicid	: 2
fpu		: yes
fpu_exception	: yes
cpuid level	: 13
wp		: yes
flags		: fpu vme de pse tsc msr pae mce cx8 apic sep mtrr pge mca cmov pat pse36 clflush dts acpi mmx fxsr sse sse2 ss ht tm pbe syscall nx rdtscp lm constant_tsc arch_perfmon pebs bts rep_good nopl xtopology nonstop_tsc cpuid aperfmperf pni pclmulqdq dtes64 monitor ds_cpl vmx smx est tm2 ssse3 cx16 xtpr pdcm pcid sse4_1 sse4_2 x2apic popcnt tsc_deadline_timer aes xsave avx lahf_lm epb pti retpoline spec_ctrl tpr_shadow vnmi flexpriority ept vpid xsaveopt dtherm ida arat pln pts
bugs		: cpu_meltdown spectre_v1 spectre_v2
bogomips	: 4988.54
clflush size	: 64
cache_alignment	: 64
address sizes	: 36 bits physical, 48 bits virtual
power management:

processor	: 2
vendor_id	: GenuineIntel
cpu family	: 6
model		: 42
model name	: Intel(R) Core(TM) i5-2520M CPU @ 2.50GHz
stepping	: 7
microcode	: 0x2d
cpu MHz		: 2993.125
cache size	: 3072 KB
physical id	: 0
siblings	: 4
core id		: 0
cpu cores	: 2
apicid		: 1
initial apicid	: 1
fpu		: yes
fpu_exception	: yes
cpuid level	: 13
wp		: yes
flags		: fpu vme de pse tsc msr pae mce cx8 apic sep mtrr pge mca cmov pat pse36 clflush dts acpi mmx fxsr sse sse2 ss ht tm pbe syscall nx rdtscp lm constant_tsc arch_perfmon pebs bts rep_good nopl xtopology nonstop_tsc cpuid aperfmperf pni pclmulqdq dtes64 monitor ds_cpl vmx smx est tm2 ssse3 cx16 xtpr pdcm pcid sse4_1 sse4_2 x2apic popcnt tsc_deadline_timer aes xsave avx lahf_lm epb pti retpoline spec_ctrl tpr_shadow vnmi flexpriority ept vpid xsaveopt dtherm ida arat pln pts
bugs		: cpu_meltdown spectre_v1 spectre_v2
bogomips	: 4988.54
clflush size	: 64
cache_alignment	: 64
address sizes	: 36 bits physical, 48 bits virtual
power management:

processor	: 3
vendor_id	: GenuineIntel
cpu family	: 6
model		: 42
model name	: Intel(R) Core(TM) i5-2520M CPU @ 2.50GHz
stepping	: 7
microcode	: 0x2d
cpu MHz		: 2993.127
cache size	: 3072 KB
physical id	: 0
siblings	: 4
core id		: 1
cpu cores	: 2
apicid		: 3
initial apicid	: 3
fpu		: yes
fpu_exception	: yes
cpuid level	: 13
wp		: yes
flags		: fpu vme de pse tsc msr pae mce cx8 apic sep mtrr pge mca cmov pat pse36 clflush dts acpi mmx fxsr sse sse2 ss ht tm pbe syscall nx rdtscp lm constant_tsc arch_perfmon pebs bts rep_good nopl xtopology nonstop_tsc cpuid aperfmperf pni pclmulqdq dtes64 monitor ds_cpl vmx smx est tm2 ssse3 cx16 xtpr pdcm pcid sse4_1 sse4_2 x2apic popcnt tsc_deadline_timer aes xsave avx lahf_lm epb pti retpoline spec_ctrl tpr_shadow vnmi flexpriority ept vpid xsaveopt dtherm ida arat pln pts
bugs		: cpu_meltdown spectre_v1 spectre_v2
bogomips	: 4988.54
clflush size	: 64
cache_alignment	: 64
address sizes	: 36 bits physical, 48 bits virtual
power management:



Memory: 4k page, physical 8044684k(121028k free), swap 0k(0k free)

vm_info: Java HotSpot(TM) 64-Bit Server VM (25.161-b12) for linux-amd64 JRE (1.8.0_161-b12), built on Dec 19 2017 16:12:43 by "java_re" with gcc 4.3.0 20080428 (Red Hat 4.3.0-8)

time: Sun Apr 15 12:38:17 2018
elapsed time: 4 seconds (0d 0h 0m 4s)

